2025-02-02 22:14:26.199 | INFO     | utils.utils_logger:<module>:38 - Logging to file: logs\project_log.log
2025-02-02 22:14:26.199 | INFO     | __main__:main:103 - START producer.
2025-02-02 22:14:26.199 | INFO     | utils.utils_producer:get_zookeeper_address:57 - Zookeeper address: localhost:2181
2025-02-02 22:14:30.339 | ERROR    | utils.utils_producer:check_zookeeper_service_is_ready:82 - Error checking Zookeeper readiness: [WinError 10061] No connection could be made because the target machine actively refused it
2025-02-02 22:14:30.342 | ERROR    | utils.utils_producer:verify_services:114 - Zookeeper is not ready. Please check your Zookeeper setup. Exiting...
2025-02-02 22:16:18.394 | INFO     | utils.utils_logger:<module>:38 - Logging to file: logs\project_log.log
2025-02-02 22:16:18.417 | INFO     | __main__:main:78 - START consumer.
2025-02-02 22:16:18.418 | INFO     | __main__:get_kafka_topic:35 - Kafka topic: buzzline
2025-02-02 22:16:18.419 | INFO     | __main__:get_kafka_consumer_group_id:42 - Kafka consumer group id: default_group
2025-02-02 22:16:18.419 | INFO     | __main__:main:83 - Consumer: Topic 'buzzline' and group 'default_group'...
2025-02-02 22:16:18.419 | INFO     | utils.utils_producer:get_kafka_broker_address:50 - Kafka broker address: localhost:9092
2025-02-02 22:16:18.420 | INFO     | utils.utils_consumer:create_kafka_consumer:44 - Creating Kafka consumer. Topic='buzzline' and group ID='default_group'.
2025-02-02 22:16:20.454 | ERROR    | utils.utils_consumer:create_kafka_consumer:60 - Error creating Kafka consumer: NoBrokersAvailable
2025-02-02 22:17:32.347 | INFO     | utils.utils_logger:<module>:38 - Logging to file: logs\project_log.log
2025-02-02 22:17:32.347 | INFO     | __main__:main:103 - START producer.
2025-02-02 22:17:32.347 | INFO     | utils.utils_producer:get_zookeeper_address:57 - Zookeeper address: localhost:2181
2025-02-02 22:17:36.459 | ERROR    | utils.utils_producer:check_zookeeper_service_is_ready:82 - Error checking Zookeeper readiness: [WinError 10061] No connection could be made because the target machine actively refused it
2025-02-02 22:17:36.459 | ERROR    | utils.utils_producer:verify_services:114 - Zookeeper is not ready. Please check your Zookeeper setup. Exiting...
2025-02-02 22:46:34.550 | INFO     | utils.utils_logger:<module>:38 - Logging to file: logs\project_log.log
2025-02-02 22:46:34.550 | INFO     | __main__:main:104 - START producer.
2025-02-02 22:46:34.550 | INFO     | utils.utils_producer:get_zookeeper_address:57 - Zookeeper address: localhost:2181
2025-02-02 22:46:38.643 | ERROR    | utils.utils_producer:check_zookeeper_service_is_ready:82 - Error checking Zookeeper readiness: [WinError 10061] No connection could be made because the target machine actively refused it
2025-02-02 22:46:38.643 | ERROR    | utils.utils_producer:verify_services:114 - Zookeeper is not ready. Please check your Zookeeper setup. Exiting...
2025-02-02 22:47:13.822 | INFO     | utils.utils_logger:<module>:38 - Logging to file: logs\project_log.log
2025-02-02 22:47:13.838 | INFO     | __main__:main:104 - START producer.
2025-02-02 22:47:13.838 | INFO     | utils.utils_producer:get_zookeeper_address:57 - Zookeeper address: localhost:2181
2025-02-02 22:47:17.930 | ERROR    | utils.utils_producer:check_zookeeper_service_is_ready:82 - Error checking Zookeeper readiness: [WinError 10061] No connection could be made because the target machine actively refused it
2025-02-02 22:47:17.930 | ERROR    | utils.utils_producer:verify_services:114 - Zookeeper is not ready. Please check your Zookeeper setup. Exiting...
2025-02-02 23:02:44.217 | INFO     | utils.utils_logger:<module>:38 - Logging to file: logs\project_log.log
2025-02-02 23:02:44.217 | INFO     | __main__:main:104 - START producer.
2025-02-02 23:02:44.217 | INFO     | utils.utils_producer:get_zookeeper_address:57 - Zookeeper address: localhost:2181
2025-02-02 23:02:44.235 | INFO     | utils.utils_producer:check_zookeeper_service_is_ready:79 - Zookeeper is ready at localhost:2181.
2025-02-02 23:02:44.236 | INFO     | utils.utils_producer:get_kafka_broker_address:50 - Kafka broker address: localhost:9092
2025-02-02 23:02:46.479 | ERROR    | utils.utils_producer:check_kafka_service_is_ready:102 - Error checking Kafka: NodeNotReadyError
2025-02-02 23:02:46.479 | ERROR    | utils.utils_producer:verify_services:121 - Kafka broker is not ready. Please check your Kafka setup. Exiting...
2025-02-02 23:33:12.386 | INFO     | utils.utils_logger:<module>:38 - Logging to file: logs\project_log.log
2025-02-02 23:33:12.386 | INFO     | __main__:main:104 - START producer.
2025-02-02 23:33:12.386 | INFO     | utils.utils_producer:get_zookeeper_address:57 - Zookeeper address: localhost:2181
2025-02-02 23:33:12.409 | INFO     | utils.utils_producer:check_zookeeper_service_is_ready:79 - Zookeeper is ready at localhost:2181.
2025-02-02 23:33:12.409 | INFO     | utils.utils_producer:get_kafka_broker_address:50 - Kafka broker address: localhost:9092
2025-02-02 23:33:14.643 | ERROR    | utils.utils_producer:check_kafka_service_is_ready:102 - Error checking Kafka: NodeNotReadyError
2025-02-02 23:33:14.643 | ERROR    | utils.utils_producer:verify_services:121 - Kafka broker is not ready. Please check your Kafka setup. Exiting...
2025-02-02 23:39:44.557 | INFO     | utils.utils_logger:<module>:38 - Logging to file: logs\project_log.log
2025-02-02 23:39:44.557 | INFO     | __main__:main:104 - START producer.
2025-02-02 23:39:44.562 | INFO     | utils.utils_producer:get_zookeeper_address:57 - Zookeeper address: localhost:2181
2025-02-02 23:39:44.588 | INFO     | utils.utils_producer:check_zookeeper_service_is_ready:79 - Zookeeper is ready at localhost:2181.
2025-02-02 23:39:44.588 | INFO     | utils.utils_producer:get_kafka_broker_address:50 - Kafka broker address: localhost:9092
2025-02-02 23:39:46.841 | ERROR    | utils.utils_producer:check_kafka_service_is_ready:102 - Error checking Kafka: NodeNotReadyError
2025-02-02 23:39:46.841 | ERROR    | utils.utils_producer:verify_services:121 - Kafka broker is not ready. Please check your Kafka setup. Exiting...
2025-02-03 21:09:28.064 | INFO     | utils.utils_logger:<module>:38 - Logging to file: logs\project_log.log
2025-02-03 21:09:28.068 | INFO     | __main__:main:104 - START producer.
2025-02-03 21:09:28.068 | INFO     | utils.utils_producer:get_zookeeper_address:57 - Zookeeper address: localhost:2181
2025-02-03 21:09:32.153 | ERROR    | utils.utils_producer:check_zookeeper_service_is_ready:82 - Error checking Zookeeper readiness: [WinError 10061] No connection could be made because the target machine actively refused it
2025-02-03 21:09:32.155 | ERROR    | utils.utils_producer:verify_services:114 - Zookeeper is not ready. Please check your Zookeeper setup. Exiting...
2025-02-03 22:27:25.156 | INFO     | utils.utils_logger:<module>:38 - Logging to file: logs\project_log.log
2025-02-03 22:27:25.167 | INFO     | __main__:main:104 - START producer.
2025-02-03 22:27:25.167 | INFO     | utils.utils_producer:get_zookeeper_address:57 - Zookeeper address: localhost:2181
2025-02-03 22:27:29.275 | ERROR    | utils.utils_producer:check_zookeeper_service_is_ready:82 - Error checking Zookeeper readiness: [WinError 10061] No connection could be made because the target machine actively refused it
2025-02-03 22:27:29.275 | ERROR    | utils.utils_producer:verify_services:114 - Zookeeper is not ready. Please check your Zookeeper setup. Exiting...
2025-02-03 22:52:34.838 | INFO     | utils.utils_logger:<module>:38 - Logging to file: logs\project_log.log
2025-02-03 22:52:34.864 | INFO     | __main__:main:103 - START producer.
2025-02-03 22:52:34.864 | INFO     | utils.utils_producer:get_zookeeper_address:57 - Zookeeper address: localhost:2181
2025-02-03 22:52:34.896 | INFO     | utils.utils_producer:check_zookeeper_service_is_ready:79 - Zookeeper is ready at localhost:2181.
2025-02-03 22:52:34.896 | INFO     | utils.utils_producer:get_kafka_broker_address:50 - Kafka broker address: localhost:9092
2025-02-03 22:52:35.368 | INFO     | utils.utils_producer:check_kafka_service_is_ready:98 - Kafka is ready. Brokers: {'throttle_time_ms': 0, 'brokers': [{'node_id': 1001, 'host': 'localhost', 'port': 9092, 'rack': None}], 'cluster_id': 'Ign8MvRMS9aICLVPUpWn4w', 'controller_id': 1001}
2025-02-03 22:52:35.371 | INFO     | __main__:get_kafka_topic:41 - Kafka topic: buzzline
2025-02-03 22:52:35.375 | INFO     | __main__:get_message_interval:48 - Message interval: 1 seconds
2025-02-03 22:52:35.375 | INFO     | utils.utils_producer:get_kafka_broker_address:50 - Kafka broker address: localhost:9092
2025-02-03 22:52:35.375 | INFO     | utils.utils_producer:create_kafka_producer:146 - Connecting to Kafka broker at localhost:9092...
2025-02-03 22:52:35.500 | INFO     | utils.utils_producer:create_kafka_producer:151 - Kafka producer successfully created.
2025-02-03 22:52:35.500 | INFO     | utils.utils_producer:get_kafka_broker_address:50 - Kafka broker address: localhost:9092
2025-02-03 22:52:35.874 | INFO     | utils.utils_producer:create_kafka_topic:176 - Creating 'buzzline'.
2025-02-03 22:52:37.634 | INFO     | utils.utils_producer:create_kafka_topic:181 - Topic 'buzzline' created successfully.
2025-02-03 22:52:37.637 | INFO     | __main__:main:119 - Kafka topic 'buzzline' is ready.
2025-02-03 22:52:37.637 | INFO     | __main__:main:125 - Starting message production to topic 'buzzline'...
2025-02-03 22:52:37.637 | INFO     | __main__:generate_messages:77 - Generated buzz: I love Python!
2025-02-03 22:52:37.729 | INFO     | __main__:generate_messages:79 - Sent message to topic 'buzzline': I love Python!
2025-02-03 22:52:38.733 | INFO     | __main__:generate_messages:77 - Generated buzz: Kafka is awesome.
2025-02-03 22:52:38.733 | INFO     | __main__:generate_messages:79 - Sent message to topic 'buzzline': Kafka is awesome.
2025-02-03 22:52:39.739 | INFO     | __main__:generate_messages:77 - Generated buzz: Streaming data is fun.
2025-02-03 22:52:39.739 | INFO     | __main__:generate_messages:79 - Sent message to topic 'buzzline': Streaming data is fun.
2025-02-03 22:52:40.746 | INFO     | __main__:generate_messages:77 - Generated buzz: This is a buzz message.
2025-02-03 22:52:40.747 | INFO     | __main__:generate_messages:79 - Sent message to topic 'buzzline': This is a buzz message.
2025-02-03 22:52:41.752 | INFO     | __main__:generate_messages:77 - Generated buzz: Have a great day!
2025-02-03 22:52:41.756 | INFO     | __main__:generate_messages:79 - Sent message to topic 'buzzline': Have a great day!
2025-02-03 22:52:42.758 | INFO     | __main__:generate_messages:77 - Generated buzz: I love Python!
2025-02-03 22:52:42.761 | INFO     | __main__:generate_messages:79 - Sent message to topic 'buzzline': I love Python!
2025-02-03 22:52:43.762 | INFO     | __main__:generate_messages:77 - Generated buzz: Kafka is awesome.
2025-02-03 22:52:43.762 | INFO     | __main__:generate_messages:79 - Sent message to topic 'buzzline': Kafka is awesome.
2025-02-03 22:52:44.768 | INFO     | __main__:generate_messages:77 - Generated buzz: Streaming data is fun.
2025-02-03 22:52:44.768 | INFO     | __main__:generate_messages:79 - Sent message to topic 'buzzline': Streaming data is fun.
2025-02-03 22:52:45.775 | INFO     | __main__:generate_messages:77 - Generated buzz: This is a buzz message.
2025-02-03 22:52:45.778 | INFO     | __main__:generate_messages:79 - Sent message to topic 'buzzline': This is a buzz message.
2025-02-03 22:52:46.780 | INFO     | __main__:generate_messages:77 - Generated buzz: Have a great day!
2025-02-03 22:52:46.780 | INFO     | __main__:generate_messages:79 - Sent message to topic 'buzzline': Have a great day!
2025-02-03 22:52:47.787 | INFO     | __main__:generate_messages:77 - Generated buzz: I love Python!
2025-02-03 22:52:47.787 | INFO     | __main__:generate_messages:79 - Sent message to topic 'buzzline': I love Python!
2025-02-03 22:52:48.793 | INFO     | __main__:generate_messages:77 - Generated buzz: Kafka is awesome.
2025-02-03 22:52:48.793 | INFO     | __main__:generate_messages:79 - Sent message to topic 'buzzline': Kafka is awesome.
2025-02-03 22:52:49.796 | INFO     | __main__:generate_messages:77 - Generated buzz: Streaming data is fun.
2025-02-03 22:52:49.796 | INFO     | __main__:generate_messages:79 - Sent message to topic 'buzzline': Streaming data is fun.
2025-02-03 22:52:50.803 | INFO     | __main__:generate_messages:77 - Generated buzz: This is a buzz message.
2025-02-03 22:52:50.807 | INFO     | __main__:generate_messages:79 - Sent message to topic 'buzzline': This is a buzz message.
2025-02-03 22:52:51.809 | INFO     | __main__:generate_messages:77 - Generated buzz: Have a great day!
2025-02-03 22:52:51.809 | INFO     | __main__:generate_messages:79 - Sent message to topic 'buzzline': Have a great day!
2025-02-03 22:52:52.815 | INFO     | __main__:generate_messages:77 - Generated buzz: I love Python!
2025-02-03 22:52:52.816 | INFO     | __main__:generate_messages:79 - Sent message to topic 'buzzline': I love Python!
2025-02-03 22:52:53.820 | INFO     | __main__:generate_messages:77 - Generated buzz: Kafka is awesome.
2025-02-03 22:52:53.822 | INFO     | __main__:generate_messages:79 - Sent message to topic 'buzzline': Kafka is awesome.
2025-02-03 22:52:54.825 | INFO     | __main__:generate_messages:77 - Generated buzz: Streaming data is fun.
2025-02-03 22:52:54.825 | INFO     | __main__:generate_messages:79 - Sent message to topic 'buzzline': Streaming data is fun.
2025-02-03 22:52:55.829 | INFO     | __main__:generate_messages:77 - Generated buzz: This is a buzz message.
2025-02-03 22:52:55.829 | INFO     | __main__:generate_messages:79 - Sent message to topic 'buzzline': This is a buzz message.
2025-02-03 22:52:56.836 | INFO     | __main__:generate_messages:77 - Generated buzz: Have a great day!
2025-02-03 22:52:56.836 | INFO     | __main__:generate_messages:79 - Sent message to topic 'buzzline': Have a great day!
2025-02-03 22:52:57.842 | INFO     | __main__:generate_messages:77 - Generated buzz: I love Python!
2025-02-03 22:52:57.844 | INFO     | __main__:generate_messages:79 - Sent message to topic 'buzzline': I love Python!
2025-02-03 22:52:58.848 | INFO     | __main__:generate_messages:77 - Generated buzz: Kafka is awesome.
2025-02-03 22:52:58.848 | INFO     | __main__:generate_messages:79 - Sent message to topic 'buzzline': Kafka is awesome.
2025-02-03 22:52:59.853 | INFO     | __main__:generate_messages:77 - Generated buzz: Streaming data is fun.
2025-02-03 22:52:59.855 | INFO     | __main__:generate_messages:79 - Sent message to topic 'buzzline': Streaming data is fun.
2025-02-03 22:53:00.858 | INFO     | __main__:generate_messages:77 - Generated buzz: This is a buzz message.
2025-02-03 22:53:00.858 | INFO     | __main__:generate_messages:79 - Sent message to topic 'buzzline': This is a buzz message.
2025-02-03 22:53:01.862 | INFO     | __main__:generate_messages:77 - Generated buzz: Have a great day!
2025-02-03 22:53:01.862 | INFO     | __main__:generate_messages:79 - Sent message to topic 'buzzline': Have a great day!
2025-02-03 22:53:02.868 | INFO     | __main__:generate_messages:77 - Generated buzz: I love Python!
2025-02-03 22:53:02.871 | INFO     | __main__:generate_messages:79 - Sent message to topic 'buzzline': I love Python!
2025-02-03 22:53:03.874 | INFO     | __main__:generate_messages:77 - Generated buzz: Kafka is awesome.
2025-02-03 22:53:03.876 | INFO     | __main__:generate_messages:79 - Sent message to topic 'buzzline': Kafka is awesome.
2025-02-03 22:53:04.881 | INFO     | __main__:generate_messages:77 - Generated buzz: Streaming data is fun.
2025-02-03 22:53:04.883 | INFO     | __main__:generate_messages:79 - Sent message to topic 'buzzline': Streaming data is fun.
2025-02-03 22:53:05.887 | INFO     | __main__:generate_messages:77 - Generated buzz: This is a buzz message.
2025-02-03 22:53:05.889 | INFO     | __main__:generate_messages:79 - Sent message to topic 'buzzline': This is a buzz message.
2025-02-03 22:53:06.890 | INFO     | __main__:generate_messages:77 - Generated buzz: Have a great day!
2025-02-03 22:53:06.890 | INFO     | __main__:generate_messages:79 - Sent message to topic 'buzzline': Have a great day!
2025-02-03 22:53:07.896 | INFO     | __main__:generate_messages:77 - Generated buzz: I love Python!
2025-02-03 22:53:07.896 | INFO     | __main__:generate_messages:79 - Sent message to topic 'buzzline': I love Python!
2025-02-03 22:53:08.902 | INFO     | __main__:generate_messages:77 - Generated buzz: Kafka is awesome.
2025-02-03 22:53:08.903 | INFO     | __main__:generate_messages:79 - Sent message to topic 'buzzline': Kafka is awesome.
2025-02-03 22:53:09.909 | INFO     | __main__:generate_messages:77 - Generated buzz: Streaming data is fun.
2025-02-03 22:53:09.912 | INFO     | __main__:generate_messages:79 - Sent message to topic 'buzzline': Streaming data is fun.
2025-02-03 22:53:10.916 | INFO     | __main__:generate_messages:77 - Generated buzz: This is a buzz message.
2025-02-03 22:53:10.921 | INFO     | __main__:generate_messages:79 - Sent message to topic 'buzzline': This is a buzz message.
2025-02-03 22:53:11.924 | INFO     | __main__:generate_messages:77 - Generated buzz: Have a great day!
2025-02-03 22:53:11.928 | INFO     | __main__:generate_messages:79 - Sent message to topic 'buzzline': Have a great day!
2025-02-03 22:53:12.932 | INFO     | __main__:generate_messages:77 - Generated buzz: I love Python!
2025-02-03 22:53:12.935 | INFO     | __main__:generate_messages:79 - Sent message to topic 'buzzline': I love Python!
2025-02-03 22:53:13.937 | INFO     | __main__:generate_messages:77 - Generated buzz: Kafka is awesome.
2025-02-03 22:53:13.939 | INFO     | __main__:generate_messages:79 - Sent message to topic 'buzzline': Kafka is awesome.
2025-02-03 22:53:14.943 | INFO     | __main__:generate_messages:77 - Generated buzz: Streaming data is fun.
2025-02-03 22:53:14.943 | INFO     | __main__:generate_messages:79 - Sent message to topic 'buzzline': Streaming data is fun.
2025-02-03 22:53:15.947 | INFO     | __main__:generate_messages:77 - Generated buzz: This is a buzz message.
2025-02-03 22:53:15.949 | INFO     | __main__:generate_messages:79 - Sent message to topic 'buzzline': This is a buzz message.
2025-02-03 22:53:16.955 | INFO     | __main__:generate_messages:77 - Generated buzz: Have a great day!
2025-02-03 22:53:16.955 | INFO     | __main__:generate_messages:79 - Sent message to topic 'buzzline': Have a great day!
2025-02-03 22:53:17.958 | INFO     | __main__:generate_messages:77 - Generated buzz: I love Python!
2025-02-03 22:53:17.960 | INFO     | __main__:generate_messages:79 - Sent message to topic 'buzzline': I love Python!
2025-02-03 22:53:27.427 | INFO     | utils.utils_logger:<module>:38 - Logging to file: logs\project_log.log
2025-02-03 22:53:27.429 | INFO     | __main__:main:104 - START producer.
2025-02-03 22:53:27.429 | INFO     | utils.utils_producer:get_zookeeper_address:57 - Zookeeper address: localhost:2181
2025-02-03 22:53:27.469 | INFO     | utils.utils_producer:check_zookeeper_service_is_ready:79 - Zookeeper is ready at localhost:2181.
2025-02-03 22:53:27.470 | INFO     | utils.utils_producer:get_kafka_broker_address:50 - Kafka broker address: localhost:9092
2025-02-03 22:53:27.824 | INFO     | utils.utils_producer:check_kafka_service_is_ready:98 - Kafka is ready. Brokers: {'throttle_time_ms': 0, 'brokers': [{'node_id': 1001, 'host': 'localhost', 'port': 9092, 'rack': None}], 'cluster_id': 'Ign8MvRMS9aICLVPUpWn4w', 'controller_id': 1001}
2025-02-03 22:53:27.826 | INFO     | __main__:get_kafka_topic:41 - Kafka topic: buzzline
2025-02-03 22:53:27.828 | INFO     | __main__:get_message_interval:48 - Message interval: 1 seconds
2025-02-03 22:53:27.830 | INFO     | utils.utils_producer:get_kafka_broker_address:50 - Kafka broker address: localhost:9092
2025-02-03 22:53:27.833 | INFO     | utils.utils_producer:create_kafka_producer:146 - Connecting to Kafka broker at localhost:9092...
2025-02-03 22:53:27.971 | INFO     | utils.utils_producer:create_kafka_producer:151 - Kafka producer successfully created.
2025-02-03 22:53:27.972 | INFO     | utils.utils_producer:get_kafka_broker_address:50 - Kafka broker address: localhost:9092
2025-02-03 22:53:28.339 | INFO     | utils.utils_producer:create_kafka_topic:172 - Topic 'buzzline' already exists. Clearing it out...
2025-02-03 22:53:28.339 | INFO     | utils.utils_producer:get_kafka_broker_address:50 - Kafka broker address: localhost:9092
2025-02-03 22:53:28.764 | ERROR    | utils.utils_producer:clear_kafka_topic:235 - Error managing retention for topic 'buzzline': list indices must be integers or slices, not ConfigResource
2025-02-03 22:53:28.770 | INFO     | __main__:main:120 - Kafka topic 'buzzline' is ready.
2025-02-03 22:53:28.774 | INFO     | __main__:main:126 - Starting message production to topic 'buzzline'...
2025-02-03 22:53:28.776 | INFO     | __main__:generate_messages:78 - Generated buzz: The cloud makes everything possible
2025-02-03 22:53:28.844 | INFO     | __main__:generate_messages:80 - Sent message to topic 'buzzline': The cloud makes everything possible
2025-02-03 22:53:29.848 | INFO     | __main__:generate_messages:78 - Generated buzz: Big data drives modern applications
2025-02-03 22:53:29.848 | INFO     | __main__:generate_messages:80 - Sent message to topic 'buzzline': Big data drives modern applications
2025-02-03 22:53:30.855 | INFO     | __main__:generate_messages:78 - Generated buzz: Kafka helps with real-time analytics
2025-02-03 22:53:30.857 | INFO     | __main__:generate_messages:80 - Sent message to topic 'buzzline': Kafka helps with real-time analytics
2025-02-03 22:53:31.861 | INFO     | __main__:generate_messages:78 - Generated buzz: Data pipelines simplify workflows
2025-02-03 22:53:31.861 | INFO     | __main__:generate_messages:80 - Sent message to topic 'buzzline': Data pipelines simplify workflows
2025-02-03 22:53:32.865 | INFO     | __main__:generate_messages:78 - Generated buzz: The future of data is streaming
2025-02-03 22:53:32.866 | INFO     | __main__:generate_messages:80 - Sent message to topic 'buzzline': The future of data is streaming
2025-02-03 22:53:33.869 | INFO     | __main__:generate_messages:78 - Generated buzz: The cloud makes everything possible
2025-02-03 22:53:33.871 | INFO     | __main__:generate_messages:80 - Sent message to topic 'buzzline': The cloud makes everything possible
2025-02-03 22:53:34.875 | INFO     | __main__:generate_messages:78 - Generated buzz: Big data drives modern applications
2025-02-03 22:53:34.877 | INFO     | __main__:generate_messages:80 - Sent message to topic 'buzzline': Big data drives modern applications
2025-02-03 22:53:35.881 | INFO     | __main__:generate_messages:78 - Generated buzz: Kafka helps with real-time analytics
2025-02-03 22:53:35.886 | INFO     | __main__:generate_messages:80 - Sent message to topic 'buzzline': Kafka helps with real-time analytics
2025-02-03 22:53:36.889 | INFO     | __main__:generate_messages:78 - Generated buzz: Data pipelines simplify workflows
2025-02-03 22:53:36.889 | INFO     | __main__:generate_messages:80 - Sent message to topic 'buzzline': Data pipelines simplify workflows
2025-02-03 22:53:37.894 | INFO     | __main__:generate_messages:78 - Generated buzz: The future of data is streaming
2025-02-03 22:53:37.896 | INFO     | __main__:generate_messages:80 - Sent message to topic 'buzzline': The future of data is streaming
2025-02-03 22:53:38.901 | INFO     | __main__:generate_messages:78 - Generated buzz: The cloud makes everything possible
2025-02-03 22:53:38.901 | INFO     | __main__:generate_messages:80 - Sent message to topic 'buzzline': The cloud makes everything possible
2025-02-03 22:53:39.907 | INFO     | __main__:generate_messages:78 - Generated buzz: Big data drives modern applications
2025-02-03 22:53:39.911 | INFO     | __main__:generate_messages:80 - Sent message to topic 'buzzline': Big data drives modern applications
2025-02-03 22:53:40.914 | INFO     | __main__:generate_messages:78 - Generated buzz: Kafka helps with real-time analytics
2025-02-03 22:53:40.914 | INFO     | __main__:generate_messages:80 - Sent message to topic 'buzzline': Kafka helps with real-time analytics
2025-02-03 22:53:41.918 | INFO     | __main__:generate_messages:78 - Generated buzz: Data pipelines simplify workflows
2025-02-03 22:53:41.922 | INFO     | __main__:generate_messages:80 - Sent message to topic 'buzzline': Data pipelines simplify workflows
2025-02-03 22:53:42.924 | INFO     | __main__:generate_messages:78 - Generated buzz: The future of data is streaming
2025-02-03 22:53:42.927 | INFO     | __main__:generate_messages:80 - Sent message to topic 'buzzline': The future of data is streaming
2025-02-03 22:53:43.931 | INFO     | __main__:generate_messages:78 - Generated buzz: The cloud makes everything possible
2025-02-03 22:53:43.931 | INFO     | __main__:generate_messages:80 - Sent message to topic 'buzzline': The cloud makes everything possible
2025-02-03 22:53:44.938 | INFO     | __main__:generate_messages:78 - Generated buzz: Big data drives modern applications
2025-02-03 22:53:44.940 | INFO     | __main__:generate_messages:80 - Sent message to topic 'buzzline': Big data drives modern applications
2025-02-03 22:53:45.944 | INFO     | __main__:generate_messages:78 - Generated buzz: Kafka helps with real-time analytics
2025-02-03 22:53:45.948 | INFO     | __main__:generate_messages:80 - Sent message to topic 'buzzline': Kafka helps with real-time analytics
2025-02-03 22:53:46.951 | INFO     | __main__:generate_messages:78 - Generated buzz: Data pipelines simplify workflows
2025-02-03 22:53:46.952 | INFO     | __main__:generate_messages:80 - Sent message to topic 'buzzline': Data pipelines simplify workflows
2025-02-03 22:53:47.957 | INFO     | __main__:generate_messages:78 - Generated buzz: The future of data is streaming
2025-02-03 22:53:47.962 | INFO     | __main__:generate_messages:80 - Sent message to topic 'buzzline': The future of data is streaming
2025-02-03 22:53:48.965 | INFO     | __main__:generate_messages:78 - Generated buzz: The cloud makes everything possible
2025-02-03 22:53:48.965 | INFO     | __main__:generate_messages:80 - Sent message to topic 'buzzline': The cloud makes everything possible
2025-02-03 22:53:49.971 | INFO     | __main__:generate_messages:78 - Generated buzz: Big data drives modern applications
2025-02-03 22:53:49.971 | INFO     | __main__:generate_messages:80 - Sent message to topic 'buzzline': Big data drives modern applications
2025-02-03 22:53:50.981 | INFO     | __main__:generate_messages:78 - Generated buzz: Kafka helps with real-time analytics
2025-02-03 22:53:50.981 | INFO     | __main__:generate_messages:80 - Sent message to topic 'buzzline': Kafka helps with real-time analytics
2025-02-03 22:53:51.989 | INFO     | __main__:generate_messages:78 - Generated buzz: Data pipelines simplify workflows
2025-02-03 22:53:51.989 | INFO     | __main__:generate_messages:80 - Sent message to topic 'buzzline': Data pipelines simplify workflows
2025-02-03 22:53:52.994 | INFO     | __main__:generate_messages:78 - Generated buzz: The future of data is streaming
2025-02-03 22:53:52.994 | INFO     | __main__:generate_messages:80 - Sent message to topic 'buzzline': The future of data is streaming
2025-02-03 22:53:53.998 | INFO     | __main__:generate_messages:78 - Generated buzz: The cloud makes everything possible
2025-02-03 22:53:54.001 | INFO     | __main__:generate_messages:80 - Sent message to topic 'buzzline': The cloud makes everything possible
2025-02-03 22:53:55.006 | INFO     | __main__:generate_messages:78 - Generated buzz: Big data drives modern applications
2025-02-03 22:53:55.008 | INFO     | __main__:generate_messages:80 - Sent message to topic 'buzzline': Big data drives modern applications
2025-02-03 22:53:56.010 | INFO     | __main__:generate_messages:78 - Generated buzz: Kafka helps with real-time analytics
2025-02-03 22:53:56.013 | INFO     | __main__:generate_messages:80 - Sent message to topic 'buzzline': Kafka helps with real-time analytics
2025-02-03 22:53:57.017 | INFO     | __main__:generate_messages:78 - Generated buzz: Data pipelines simplify workflows
2025-02-03 22:53:57.017 | INFO     | __main__:generate_messages:80 - Sent message to topic 'buzzline': Data pipelines simplify workflows
2025-02-03 22:53:58.021 | INFO     | __main__:generate_messages:78 - Generated buzz: The future of data is streaming
2025-02-03 22:53:58.024 | INFO     | __main__:generate_messages:80 - Sent message to topic 'buzzline': The future of data is streaming
2025-02-03 22:53:59.027 | INFO     | __main__:generate_messages:78 - Generated buzz: The cloud makes everything possible
2025-02-03 22:53:59.031 | INFO     | __main__:generate_messages:80 - Sent message to topic 'buzzline': The cloud makes everything possible
2025-02-03 22:54:00.034 | INFO     | __main__:generate_messages:78 - Generated buzz: Big data drives modern applications
2025-02-03 22:54:00.036 | INFO     | __main__:generate_messages:80 - Sent message to topic 'buzzline': Big data drives modern applications
2025-02-03 22:54:01.041 | INFO     | __main__:generate_messages:78 - Generated buzz: Kafka helps with real-time analytics
2025-02-03 22:54:01.046 | INFO     | __main__:generate_messages:80 - Sent message to topic 'buzzline': Kafka helps with real-time analytics
2025-02-03 22:54:02.050 | INFO     | __main__:generate_messages:78 - Generated buzz: Data pipelines simplify workflows
2025-02-03 22:54:02.050 | INFO     | __main__:generate_messages:80 - Sent message to topic 'buzzline': Data pipelines simplify workflows
2025-02-03 22:54:03.052 | INFO     | __main__:generate_messages:78 - Generated buzz: The future of data is streaming
2025-02-03 22:54:03.052 | INFO     | __main__:generate_messages:80 - Sent message to topic 'buzzline': The future of data is streaming
2025-02-03 22:54:04.055 | INFO     | __main__:generate_messages:78 - Generated buzz: The cloud makes everything possible
2025-02-03 22:54:04.055 | INFO     | __main__:generate_messages:80 - Sent message to topic 'buzzline': The cloud makes everything possible
2025-02-03 22:54:05.058 | INFO     | __main__:generate_messages:78 - Generated buzz: Big data drives modern applications
2025-02-03 22:54:05.061 | INFO     | __main__:generate_messages:80 - Sent message to topic 'buzzline': Big data drives modern applications
2025-02-03 22:54:06.064 | INFO     | __main__:generate_messages:78 - Generated buzz: Kafka helps with real-time analytics
2025-02-03 22:54:06.064 | INFO     | __main__:generate_messages:80 - Sent message to topic 'buzzline': Kafka helps with real-time analytics
2025-02-03 22:54:07.071 | INFO     | __main__:generate_messages:78 - Generated buzz: Data pipelines simplify workflows
2025-02-03 22:54:07.073 | INFO     | __main__:generate_messages:80 - Sent message to topic 'buzzline': Data pipelines simplify workflows
2025-02-03 22:54:08.075 | INFO     | __main__:generate_messages:78 - Generated buzz: The future of data is streaming
2025-02-03 22:54:08.075 | INFO     | __main__:generate_messages:80 - Sent message to topic 'buzzline': The future of data is streaming
2025-02-03 22:54:09.079 | INFO     | __main__:generate_messages:78 - Generated buzz: The cloud makes everything possible
2025-02-03 22:54:09.081 | INFO     | __main__:generate_messages:80 - Sent message to topic 'buzzline': The cloud makes everything possible
2025-02-03 22:54:10.086 | INFO     | __main__:generate_messages:78 - Generated buzz: Big data drives modern applications
2025-02-03 22:54:10.089 | INFO     | __main__:generate_messages:80 - Sent message to topic 'buzzline': Big data drives modern applications
2025-02-03 22:54:11.093 | INFO     | __main__:generate_messages:78 - Generated buzz: Kafka helps with real-time analytics
2025-02-03 22:54:11.093 | INFO     | __main__:generate_messages:80 - Sent message to topic 'buzzline': Kafka helps with real-time analytics
2025-02-03 22:54:12.099 | INFO     | __main__:generate_messages:78 - Generated buzz: Data pipelines simplify workflows
2025-02-03 22:54:12.101 | INFO     | __main__:generate_messages:80 - Sent message to topic 'buzzline': Data pipelines simplify workflows
2025-02-03 22:54:13.103 | INFO     | __main__:generate_messages:78 - Generated buzz: The future of data is streaming
2025-02-03 22:54:13.103 | INFO     | __main__:generate_messages:80 - Sent message to topic 'buzzline': The future of data is streaming
2025-02-03 22:54:14.107 | INFO     | __main__:generate_messages:78 - Generated buzz: The cloud makes everything possible
2025-02-03 22:54:14.107 | INFO     | __main__:generate_messages:80 - Sent message to topic 'buzzline': The cloud makes everything possible
2025-02-03 22:54:15.113 | INFO     | __main__:generate_messages:78 - Generated buzz: Big data drives modern applications
2025-02-03 22:54:15.115 | INFO     | __main__:generate_messages:80 - Sent message to topic 'buzzline': Big data drives modern applications
2025-02-03 22:54:16.119 | INFO     | __main__:generate_messages:78 - Generated buzz: Kafka helps with real-time analytics
2025-02-03 22:54:16.119 | INFO     | __main__:generate_messages:80 - Sent message to topic 'buzzline': Kafka helps with real-time analytics
2025-02-03 22:54:17.123 | INFO     | __main__:generate_messages:78 - Generated buzz: Data pipelines simplify workflows
2025-02-03 22:54:17.123 | INFO     | __main__:generate_messages:80 - Sent message to topic 'buzzline': Data pipelines simplify workflows
2025-02-03 22:54:18.126 | INFO     | __main__:generate_messages:78 - Generated buzz: The future of data is streaming
2025-02-03 22:54:18.132 | INFO     | __main__:generate_messages:80 - Sent message to topic 'buzzline': The future of data is streaming
2025-02-03 22:54:19.134 | INFO     | __main__:generate_messages:78 - Generated buzz: The cloud makes everything possible
2025-02-03 22:54:19.134 | INFO     | __main__:generate_messages:80 - Sent message to topic 'buzzline': The cloud makes everything possible
2025-02-03 22:54:20.137 | INFO     | __main__:generate_messages:78 - Generated buzz: Big data drives modern applications
2025-02-03 22:54:20.137 | INFO     | __main__:generate_messages:80 - Sent message to topic 'buzzline': Big data drives modern applications
2025-02-03 22:54:21.144 | INFO     | __main__:generate_messages:78 - Generated buzz: Kafka helps with real-time analytics
2025-02-03 22:54:21.146 | INFO     | __main__:generate_messages:80 - Sent message to topic 'buzzline': Kafka helps with real-time analytics
2025-02-03 22:54:22.152 | INFO     | __main__:generate_messages:78 - Generated buzz: Data pipelines simplify workflows
2025-02-03 22:54:22.152 | INFO     | __main__:generate_messages:80 - Sent message to topic 'buzzline': Data pipelines simplify workflows
2025-02-03 22:54:23.156 | INFO     | __main__:generate_messages:78 - Generated buzz: The future of data is streaming
2025-02-03 22:54:23.158 | INFO     | __main__:generate_messages:80 - Sent message to topic 'buzzline': The future of data is streaming
2025-02-03 22:54:24.163 | INFO     | __main__:generate_messages:78 - Generated buzz: The cloud makes everything possible
2025-02-03 22:54:24.163 | INFO     | __main__:generate_messages:80 - Sent message to topic 'buzzline': The cloud makes everything possible
2025-02-03 22:54:25.170 | INFO     | __main__:generate_messages:78 - Generated buzz: Big data drives modern applications
2025-02-03 22:54:25.170 | INFO     | __main__:generate_messages:80 - Sent message to topic 'buzzline': Big data drives modern applications
2025-02-03 22:54:26.177 | INFO     | __main__:generate_messages:78 - Generated buzz: Kafka helps with real-time analytics
2025-02-03 22:54:26.181 | INFO     | __main__:generate_messages:80 - Sent message to topic 'buzzline': Kafka helps with real-time analytics
2025-02-03 22:54:27.184 | INFO     | __main__:generate_messages:78 - Generated buzz: Data pipelines simplify workflows
2025-02-03 22:54:27.184 | INFO     | __main__:generate_messages:80 - Sent message to topic 'buzzline': Data pipelines simplify workflows
2025-02-03 22:54:28.190 | INFO     | __main__:generate_messages:78 - Generated buzz: The future of data is streaming
2025-02-03 22:54:28.193 | INFO     | __main__:generate_messages:80 - Sent message to topic 'buzzline': The future of data is streaming
2025-02-03 22:54:29.196 | INFO     | __main__:generate_messages:78 - Generated buzz: The cloud makes everything possible
2025-02-03 22:54:29.199 | INFO     | __main__:generate_messages:80 - Sent message to topic 'buzzline': The cloud makes everything possible
2025-02-03 22:54:30.203 | INFO     | __main__:generate_messages:78 - Generated buzz: Big data drives modern applications
2025-02-03 22:54:30.205 | INFO     | __main__:generate_messages:80 - Sent message to topic 'buzzline': Big data drives modern applications
2025-02-03 22:54:31.208 | INFO     | __main__:generate_messages:78 - Generated buzz: Kafka helps with real-time analytics
2025-02-03 22:54:31.208 | INFO     | __main__:generate_messages:80 - Sent message to topic 'buzzline': Kafka helps with real-time analytics
2025-02-03 22:54:32.214 | INFO     | __main__:generate_messages:78 - Generated buzz: Data pipelines simplify workflows
2025-02-03 22:54:32.214 | INFO     | __main__:generate_messages:80 - Sent message to topic 'buzzline': Data pipelines simplify workflows
2025-02-03 22:54:33.220 | INFO     | __main__:generate_messages:78 - Generated buzz: The future of data is streaming
2025-02-03 22:54:33.221 | INFO     | __main__:generate_messages:80 - Sent message to topic 'buzzline': The future of data is streaming
2025-02-03 22:54:34.227 | INFO     | __main__:generate_messages:78 - Generated buzz: The cloud makes everything possible
2025-02-03 22:54:34.227 | INFO     | __main__:generate_messages:80 - Sent message to topic 'buzzline': The cloud makes everything possible
2025-02-03 22:54:35.234 | INFO     | __main__:generate_messages:78 - Generated buzz: Big data drives modern applications
2025-02-03 22:54:35.235 | INFO     | __main__:generate_messages:80 - Sent message to topic 'buzzline': Big data drives modern applications
2025-02-03 22:54:36.240 | INFO     | __main__:generate_messages:78 - Generated buzz: Kafka helps with real-time analytics
2025-02-03 22:54:36.242 | INFO     | __main__:generate_messages:80 - Sent message to topic 'buzzline': Kafka helps with real-time analytics
2025-02-03 22:54:37.247 | INFO     | __main__:generate_messages:78 - Generated buzz: Data pipelines simplify workflows
2025-02-03 22:54:37.249 | INFO     | __main__:generate_messages:80 - Sent message to topic 'buzzline': Data pipelines simplify workflows
2025-02-03 22:54:38.253 | INFO     | __main__:generate_messages:78 - Generated buzz: The future of data is streaming
2025-02-03 22:54:38.253 | INFO     | __main__:generate_messages:80 - Sent message to topic 'buzzline': The future of data is streaming
2025-02-03 22:54:39.260 | INFO     | __main__:generate_messages:78 - Generated buzz: The cloud makes everything possible
2025-02-03 22:54:39.263 | INFO     | __main__:generate_messages:80 - Sent message to topic 'buzzline': The cloud makes everything possible
2025-02-03 22:54:40.267 | INFO     | __main__:generate_messages:78 - Generated buzz: Big data drives modern applications
2025-02-03 22:54:40.268 | INFO     | __main__:generate_messages:80 - Sent message to topic 'buzzline': Big data drives modern applications
2025-02-03 22:54:41.270 | INFO     | __main__:generate_messages:78 - Generated buzz: Kafka helps with real-time analytics
2025-02-03 22:54:41.272 | INFO     | __main__:generate_messages:80 - Sent message to topic 'buzzline': Kafka helps with real-time analytics
2025-02-03 22:54:42.276 | INFO     | __main__:generate_messages:78 - Generated buzz: Data pipelines simplify workflows
2025-02-03 22:54:42.276 | INFO     | __main__:generate_messages:80 - Sent message to topic 'buzzline': Data pipelines simplify workflows
2025-02-03 22:54:43.282 | INFO     | __main__:generate_messages:78 - Generated buzz: The future of data is streaming
2025-02-03 22:54:43.285 | INFO     | __main__:generate_messages:80 - Sent message to topic 'buzzline': The future of data is streaming
2025-02-03 22:54:44.288 | INFO     | __main__:generate_messages:78 - Generated buzz: The cloud makes everything possible
2025-02-03 22:54:44.288 | INFO     | __main__:generate_messages:80 - Sent message to topic 'buzzline': The cloud makes everything possible
2025-02-03 22:54:45.294 | INFO     | __main__:generate_messages:78 - Generated buzz: Big data drives modern applications
2025-02-03 22:54:45.294 | INFO     | __main__:generate_messages:80 - Sent message to topic 'buzzline': Big data drives modern applications
2025-02-03 22:54:46.300 | INFO     | __main__:generate_messages:78 - Generated buzz: Kafka helps with real-time analytics
2025-02-03 22:54:46.300 | INFO     | __main__:generate_messages:80 - Sent message to topic 'buzzline': Kafka helps with real-time analytics
2025-02-03 22:54:47.306 | INFO     | __main__:generate_messages:78 - Generated buzz: Data pipelines simplify workflows
2025-02-03 22:54:47.306 | INFO     | __main__:generate_messages:80 - Sent message to topic 'buzzline': Data pipelines simplify workflows
2025-02-03 22:54:48.312 | INFO     | __main__:generate_messages:78 - Generated buzz: The future of data is streaming
2025-02-03 22:54:48.312 | INFO     | __main__:generate_messages:80 - Sent message to topic 'buzzline': The future of data is streaming
2025-02-03 22:54:49.317 | INFO     | __main__:generate_messages:78 - Generated buzz: The cloud makes everything possible
2025-02-03 22:54:49.320 | INFO     | __main__:generate_messages:80 - Sent message to topic 'buzzline': The cloud makes everything possible
2025-02-03 22:54:50.323 | INFO     | __main__:generate_messages:78 - Generated buzz: Big data drives modern applications
2025-02-03 22:54:50.325 | INFO     | __main__:generate_messages:80 - Sent message to topic 'buzzline': Big data drives modern applications
2025-02-03 22:54:51.329 | INFO     | __main__:generate_messages:78 - Generated buzz: Kafka helps with real-time analytics
2025-02-03 22:54:51.333 | INFO     | __main__:generate_messages:80 - Sent message to topic 'buzzline': Kafka helps with real-time analytics
2025-02-03 22:54:52.335 | INFO     | __main__:generate_messages:78 - Generated buzz: Data pipelines simplify workflows
2025-02-03 22:54:52.337 | INFO     | __main__:generate_messages:80 - Sent message to topic 'buzzline': Data pipelines simplify workflows
2025-02-03 22:54:53.339 | INFO     | __main__:generate_messages:78 - Generated buzz: The future of data is streaming
2025-02-03 22:54:53.339 | INFO     | __main__:generate_messages:80 - Sent message to topic 'buzzline': The future of data is streaming
2025-02-03 22:54:54.343 | INFO     | __main__:generate_messages:78 - Generated buzz: The cloud makes everything possible
2025-02-03 22:54:54.343 | INFO     | __main__:generate_messages:80 - Sent message to topic 'buzzline': The cloud makes everything possible
2025-02-03 22:54:55.346 | INFO     | __main__:generate_messages:78 - Generated buzz: Big data drives modern applications
2025-02-03 22:54:55.349 | INFO     | __main__:generate_messages:80 - Sent message to topic 'buzzline': Big data drives modern applications
2025-02-03 22:54:56.352 | INFO     | __main__:generate_messages:78 - Generated buzz: Kafka helps with real-time analytics
2025-02-03 22:54:56.352 | INFO     | __main__:generate_messages:80 - Sent message to topic 'buzzline': Kafka helps with real-time analytics
2025-02-03 22:54:57.358 | INFO     | __main__:generate_messages:78 - Generated buzz: Data pipelines simplify workflows
2025-02-03 22:54:57.358 | INFO     | __main__:generate_messages:80 - Sent message to topic 'buzzline': Data pipelines simplify workflows
2025-02-03 22:54:58.362 | INFO     | __main__:generate_messages:78 - Generated buzz: The future of data is streaming
2025-02-03 22:54:58.363 | INFO     | __main__:generate_messages:80 - Sent message to topic 'buzzline': The future of data is streaming
2025-02-03 22:54:59.366 | INFO     | __main__:generate_messages:78 - Generated buzz: The cloud makes everything possible
2025-02-03 22:54:59.366 | INFO     | __main__:generate_messages:80 - Sent message to topic 'buzzline': The cloud makes everything possible
2025-02-03 22:55:00.372 | INFO     | __main__:generate_messages:78 - Generated buzz: Big data drives modern applications
2025-02-03 22:55:00.373 | INFO     | __main__:generate_messages:80 - Sent message to topic 'buzzline': Big data drives modern applications
2025-02-03 22:55:01.375 | INFO     | __main__:generate_messages:78 - Generated buzz: Kafka helps with real-time analytics
2025-02-03 22:55:01.377 | INFO     | __main__:generate_messages:80 - Sent message to topic 'buzzline': Kafka helps with real-time analytics
2025-02-03 22:55:02.379 | INFO     | __main__:generate_messages:78 - Generated buzz: Data pipelines simplify workflows
2025-02-03 22:55:02.381 | INFO     | __main__:generate_messages:80 - Sent message to topic 'buzzline': Data pipelines simplify workflows
2025-02-03 22:55:03.293 | WARNING  | __main__:generate_messages:83 - Producer interrupted by user.
2025-02-03 22:55:03.301 | INFO     | __main__:generate_messages:88 - Kafka producer closed.
2025-02-03 22:55:03.301 | INFO     | __main__:main:129 - END producer.
2025-02-03 22:55:04.177 | INFO     | utils.utils_logger:<module>:38 - Logging to file: logs\project_log.log
2025-02-03 22:55:04.216 | INFO     | __main__:main:78 - START consumer.
2025-02-03 22:55:04.216 | INFO     | __main__:get_kafka_topic:35 - Kafka topic: buzzline
2025-02-03 22:55:04.216 | INFO     | __main__:get_kafka_consumer_group_id:42 - Kafka consumer group id: default_group
2025-02-03 22:55:04.219 | INFO     | __main__:main:83 - Consumer: Topic 'buzzline' and group 'default_group'...
2025-02-03 22:55:04.219 | INFO     | utils.utils_producer:get_kafka_broker_address:50 - Kafka broker address: localhost:9092
2025-02-03 22:55:04.219 | INFO     | utils.utils_consumer:create_kafka_consumer:44 - Creating Kafka consumer. Topic='buzzline' and group ID='default_group'.
2025-02-03 22:55:04.362 | INFO     | utils.utils_consumer:create_kafka_consumer:57 - Kafka consumer created successfully.
2025-02-03 22:55:04.362 | INFO     | __main__:main:89 - Polling messages from topic 'buzzline'...
2025-02-03 22:55:19.073 | INFO     | __main__:process_message:62 - Processing message: I love Python!
2025-02-03 22:55:19.073 | INFO     | __main__:process_message:62 - Processing message: Kafka is awesome.
2025-02-03 22:55:19.073 | INFO     | __main__:process_message:62 - Processing message: Streaming data is fun.
2025-02-03 22:55:19.079 | INFO     | __main__:process_message:62 - Processing message: This is a buzz message.
2025-02-03 22:55:19.079 | INFO     | __main__:process_message:62 - Processing message: Have a great day!
2025-02-03 22:55:19.079 | INFO     | __main__:process_message:62 - Processing message: I love Python!
2025-02-03 22:55:19.079 | INFO     | __main__:process_message:62 - Processing message: Kafka is awesome.
2025-02-03 22:55:19.083 | INFO     | __main__:process_message:62 - Processing message: Streaming data is fun.
2025-02-03 22:55:19.083 | INFO     | __main__:process_message:62 - Processing message: This is a buzz message.
2025-02-03 22:55:19.083 | INFO     | __main__:process_message:62 - Processing message: Have a great day!
2025-02-03 22:55:19.083 | INFO     | __main__:process_message:62 - Processing message: I love Python!
2025-02-03 22:55:19.083 | INFO     | __main__:process_message:62 - Processing message: Kafka is awesome.
2025-02-03 22:55:19.083 | INFO     | __main__:process_message:62 - Processing message: Streaming data is fun.
2025-02-03 22:55:19.083 | INFO     | __main__:process_message:62 - Processing message: This is a buzz message.
2025-02-03 22:55:19.088 | INFO     | __main__:process_message:62 - Processing message: Have a great day!
2025-02-03 22:55:19.089 | INFO     | __main__:process_message:62 - Processing message: I love Python!
2025-02-03 22:55:19.089 | INFO     | __main__:process_message:62 - Processing message: Kafka is awesome.
2025-02-03 22:55:19.091 | INFO     | __main__:process_message:62 - Processing message: Streaming data is fun.
2025-02-03 22:55:19.091 | INFO     | __main__:process_message:62 - Processing message: This is a buzz message.
2025-02-03 22:55:19.092 | INFO     | __main__:process_message:62 - Processing message: Have a great day!
2025-02-03 22:55:19.093 | INFO     | __main__:process_message:62 - Processing message: I love Python!
2025-02-03 22:55:19.093 | INFO     | __main__:process_message:62 - Processing message: Kafka is awesome.
2025-02-03 22:55:19.094 | INFO     | __main__:process_message:62 - Processing message: Streaming data is fun.
2025-02-03 22:55:19.096 | INFO     | __main__:process_message:62 - Processing message: This is a buzz message.
2025-02-03 22:55:19.096 | INFO     | __main__:process_message:62 - Processing message: Have a great day!
2025-02-03 22:55:19.098 | INFO     | __main__:process_message:62 - Processing message: I love Python!
2025-02-03 22:55:19.098 | INFO     | __main__:process_message:62 - Processing message: Kafka is awesome.
2025-02-03 22:55:19.100 | INFO     | __main__:process_message:62 - Processing message: Streaming data is fun.
2025-02-03 22:55:19.100 | INFO     | __main__:process_message:62 - Processing message: This is a buzz message.
2025-02-03 22:55:19.100 | INFO     | __main__:process_message:62 - Processing message: Have a great day!
2025-02-03 22:55:19.102 | INFO     | __main__:process_message:62 - Processing message: I love Python!
2025-02-03 22:55:19.102 | INFO     | __main__:process_message:62 - Processing message: Kafka is awesome.
2025-02-03 22:55:19.102 | INFO     | __main__:process_message:62 - Processing message: Streaming data is fun.
2025-02-03 22:55:19.102 | INFO     | __main__:process_message:62 - Processing message: This is a buzz message.
2025-02-03 22:55:19.105 | INFO     | __main__:process_message:62 - Processing message: Have a great day!
2025-02-03 22:55:19.107 | INFO     | __main__:process_message:62 - Processing message: I love Python!
2025-02-03 22:55:19.107 | INFO     | __main__:process_message:62 - Processing message: Kafka is awesome.
2025-02-03 22:55:19.107 | INFO     | __main__:process_message:62 - Processing message: Streaming data is fun.
2025-02-03 22:55:19.107 | INFO     | __main__:process_message:62 - Processing message: This is a buzz message.
2025-02-03 22:55:19.113 | INFO     | __main__:process_message:62 - Processing message: Have a great day!
2025-02-03 22:55:19.113 | INFO     | __main__:process_message:62 - Processing message: I love Python!
2025-02-03 22:55:19.115 | INFO     | __main__:process_message:62 - Processing message: The cloud makes everything possible
2025-02-03 22:55:19.115 | INFO     | __main__:process_message:62 - Processing message: Big data drives modern applications
2025-02-03 22:55:19.117 | INFO     | __main__:process_message:62 - Processing message: Kafka helps with real-time analytics
2025-02-03 22:55:19.119 | INFO     | __main__:process_message:62 - Processing message: Data pipelines simplify workflows
2025-02-03 22:55:19.119 | INFO     | __main__:process_message:62 - Processing message: The future of data is streaming
2025-02-03 22:55:19.121 | INFO     | __main__:process_message:62 - Processing message: The cloud makes everything possible
2025-02-03 22:55:19.121 | INFO     | __main__:process_message:62 - Processing message: Big data drives modern applications
2025-02-03 22:55:19.123 | INFO     | __main__:process_message:62 - Processing message: Kafka helps with real-time analytics
2025-02-03 22:55:19.123 | INFO     | __main__:process_message:62 - Processing message: Data pipelines simplify workflows
2025-02-03 22:55:19.125 | INFO     | __main__:process_message:62 - Processing message: The future of data is streaming
2025-02-03 22:55:19.125 | INFO     | __main__:process_message:62 - Processing message: The cloud makes everything possible
2025-02-03 22:55:19.125 | INFO     | __main__:process_message:62 - Processing message: Big data drives modern applications
2025-02-03 22:55:19.127 | INFO     | __main__:process_message:62 - Processing message: Kafka helps with real-time analytics
2025-02-03 22:55:19.128 | INFO     | __main__:process_message:62 - Processing message: Data pipelines simplify workflows
2025-02-03 22:55:19.129 | INFO     | __main__:process_message:62 - Processing message: The future of data is streaming
2025-02-03 22:55:19.130 | INFO     | __main__:process_message:62 - Processing message: The cloud makes everything possible
2025-02-03 22:55:19.131 | INFO     | __main__:process_message:62 - Processing message: Big data drives modern applications
2025-02-03 22:55:19.135 | INFO     | __main__:process_message:62 - Processing message: Kafka helps with real-time analytics
2025-02-03 22:55:19.136 | INFO     | __main__:process_message:62 - Processing message: Data pipelines simplify workflows
2025-02-03 22:55:19.138 | INFO     | __main__:process_message:62 - Processing message: The future of data is streaming
2025-02-03 22:55:19.139 | INFO     | __main__:process_message:62 - Processing message: The cloud makes everything possible
2025-02-03 22:55:19.139 | INFO     | __main__:process_message:62 - Processing message: Big data drives modern applications
2025-02-03 22:55:19.139 | INFO     | __main__:process_message:62 - Processing message: Kafka helps with real-time analytics
2025-02-03 22:55:19.141 | INFO     | __main__:process_message:62 - Processing message: Data pipelines simplify workflows
2025-02-03 22:55:19.141 | INFO     | __main__:process_message:62 - Processing message: The future of data is streaming
2025-02-03 22:55:19.144 | INFO     | __main__:process_message:62 - Processing message: The cloud makes everything possible
2025-02-03 22:55:19.146 | INFO     | __main__:process_message:62 - Processing message: Big data drives modern applications
2025-02-03 22:55:19.146 | INFO     | __main__:process_message:62 - Processing message: Kafka helps with real-time analytics
2025-02-03 22:55:19.146 | INFO     | __main__:process_message:62 - Processing message: Data pipelines simplify workflows
2025-02-03 22:55:19.148 | INFO     | __main__:process_message:62 - Processing message: The future of data is streaming
2025-02-03 22:55:19.148 | INFO     | __main__:process_message:62 - Processing message: The cloud makes everything possible
2025-02-03 22:55:19.151 | INFO     | __main__:process_message:62 - Processing message: Big data drives modern applications
2025-02-03 22:55:19.151 | INFO     | __main__:process_message:62 - Processing message: Kafka helps with real-time analytics
2025-02-03 22:55:19.153 | INFO     | __main__:process_message:62 - Processing message: Data pipelines simplify workflows
2025-02-03 22:55:19.154 | INFO     | __main__:process_message:62 - Processing message: The future of data is streaming
2025-02-03 22:55:19.154 | INFO     | __main__:process_message:62 - Processing message: The cloud makes everything possible
2025-02-03 22:55:19.156 | INFO     | __main__:process_message:62 - Processing message: Big data drives modern applications
2025-02-03 22:55:19.156 | INFO     | __main__:process_message:62 - Processing message: Kafka helps with real-time analytics
2025-02-03 22:55:19.156 | INFO     | __main__:process_message:62 - Processing message: Data pipelines simplify workflows
2025-02-03 22:55:19.156 | INFO     | __main__:process_message:62 - Processing message: The future of data is streaming
2025-02-03 22:55:19.159 | INFO     | __main__:process_message:62 - Processing message: The cloud makes everything possible
2025-02-03 22:55:19.159 | INFO     | __main__:process_message:62 - Processing message: Big data drives modern applications
2025-02-03 22:55:19.161 | INFO     | __main__:process_message:62 - Processing message: Kafka helps with real-time analytics
2025-02-03 22:55:19.161 | INFO     | __main__:process_message:62 - Processing message: Data pipelines simplify workflows
2025-02-03 22:55:19.162 | INFO     | __main__:process_message:62 - Processing message: The future of data is streaming
2025-02-03 22:55:19.164 | INFO     | __main__:process_message:62 - Processing message: The cloud makes everything possible
2025-02-03 22:55:19.164 | INFO     | __main__:process_message:62 - Processing message: Big data drives modern applications
2025-02-03 22:55:19.166 | INFO     | __main__:process_message:62 - Processing message: Kafka helps with real-time analytics
2025-02-03 22:55:19.167 | INFO     | __main__:process_message:62 - Processing message: Data pipelines simplify workflows
2025-02-03 22:55:19.167 | INFO     | __main__:process_message:62 - Processing message: The future of data is streaming
2025-02-03 22:55:19.169 | INFO     | __main__:process_message:62 - Processing message: The cloud makes everything possible
2025-02-03 22:55:19.169 | INFO     | __main__:process_message:62 - Processing message: Big data drives modern applications
2025-02-03 22:55:19.171 | INFO     | __main__:process_message:62 - Processing message: Kafka helps with real-time analytics
2025-02-03 22:55:19.172 | INFO     | __main__:process_message:62 - Processing message: Data pipelines simplify workflows
2025-02-03 22:55:19.172 | INFO     | __main__:process_message:62 - Processing message: The future of data is streaming
2025-02-03 22:55:19.172 | INFO     | __main__:process_message:62 - Processing message: The cloud makes everything possible
2025-02-03 22:55:19.174 | INFO     | __main__:process_message:62 - Processing message: Big data drives modern applications
2025-02-03 22:55:19.174 | INFO     | __main__:process_message:62 - Processing message: Kafka helps with real-time analytics
2025-02-03 22:55:19.174 | INFO     | __main__:process_message:62 - Processing message: Data pipelines simplify workflows
2025-02-03 22:55:19.174 | INFO     | __main__:process_message:62 - Processing message: The future of data is streaming
2025-02-03 22:55:19.174 | INFO     | __main__:process_message:62 - Processing message: The cloud makes everything possible
2025-02-03 22:55:19.178 | INFO     | __main__:process_message:62 - Processing message: Big data drives modern applications
2025-02-03 22:55:19.179 | INFO     | __main__:process_message:62 - Processing message: Kafka helps with real-time analytics
2025-02-03 22:55:19.179 | INFO     | __main__:process_message:62 - Processing message: Data pipelines simplify workflows
2025-02-03 22:55:19.180 | INFO     | __main__:process_message:62 - Processing message: The future of data is streaming
2025-02-03 22:55:19.180 | INFO     | __main__:process_message:62 - Processing message: The cloud makes everything possible
2025-02-03 22:55:19.182 | INFO     | __main__:process_message:62 - Processing message: Big data drives modern applications
2025-02-03 22:55:19.184 | INFO     | __main__:process_message:62 - Processing message: Kafka helps with real-time analytics
2025-02-03 22:55:19.185 | INFO     | __main__:process_message:62 - Processing message: Data pipelines simplify workflows
2025-02-03 22:55:19.185 | INFO     | __main__:process_message:62 - Processing message: The future of data is streaming
2025-02-03 22:55:19.187 | INFO     | __main__:process_message:62 - Processing message: The cloud makes everything possible
2025-02-03 22:55:19.188 | INFO     | __main__:process_message:62 - Processing message: Big data drives modern applications
2025-02-03 22:55:19.188 | INFO     | __main__:process_message:62 - Processing message: Kafka helps with real-time analytics
2025-02-03 22:55:19.188 | INFO     | __main__:process_message:62 - Processing message: Data pipelines simplify workflows
2025-02-03 22:55:19.188 | INFO     | __main__:process_message:62 - Processing message: The future of data is streaming
2025-02-03 22:55:19.190 | INFO     | __main__:process_message:62 - Processing message: The cloud makes everything possible
2025-02-03 22:55:19.190 | INFO     | __main__:process_message:62 - Processing message: Big data drives modern applications
2025-02-03 22:55:19.192 | INFO     | __main__:process_message:62 - Processing message: Kafka helps with real-time analytics
2025-02-03 22:55:19.192 | INFO     | __main__:process_message:62 - Processing message: Data pipelines simplify workflows
2025-02-03 22:55:19.192 | INFO     | __main__:process_message:62 - Processing message: The future of data is streaming
2025-02-03 22:55:19.194 | INFO     | __main__:process_message:62 - Processing message: The cloud makes everything possible
2025-02-03 22:55:19.195 | INFO     | __main__:process_message:62 - Processing message: Big data drives modern applications
2025-02-03 22:55:19.195 | INFO     | __main__:process_message:62 - Processing message: Kafka helps with real-time analytics
2025-02-03 22:55:19.195 | INFO     | __main__:process_message:62 - Processing message: Data pipelines simplify workflows
2025-02-03 22:55:19.195 | INFO     | __main__:process_message:62 - Processing message: The future of data is streaming
2025-02-03 22:55:19.195 | INFO     | __main__:process_message:62 - Processing message: The cloud makes everything possible
2025-02-03 22:55:19.200 | INFO     | __main__:process_message:62 - Processing message: Big data drives modern applications
2025-02-03 22:55:19.200 | INFO     | __main__:process_message:62 - Processing message: Kafka helps with real-time analytics
2025-02-03 22:55:19.200 | INFO     | __main__:process_message:62 - Processing message: Data pipelines simplify workflows
2025-02-03 22:55:19.202 | INFO     | __main__:process_message:62 - Processing message: The future of data is streaming
2025-02-03 22:55:19.202 | INFO     | __main__:process_message:62 - Processing message: The cloud makes everything possible
2025-02-03 22:55:19.204 | INFO     | __main__:process_message:62 - Processing message: Big data drives modern applications
2025-02-03 22:55:19.204 | INFO     | __main__:process_message:62 - Processing message: Kafka helps with real-time analytics
2025-02-03 22:55:19.205 | INFO     | __main__:process_message:62 - Processing message: Data pipelines simplify workflows
2025-02-03 22:57:19.538 | INFO     | utils.utils_logger:<module>:38 - Logging to file: logs\project_log.log
2025-02-03 22:57:19.542 | INFO     | __main__:main:78 - START consumer.
2025-02-03 22:57:19.542 | INFO     | __main__:get_kafka_topic:35 - Kafka topic: buzzline
2025-02-03 22:57:19.542 | INFO     | __main__:get_kafka_consumer_group_id:42 - Kafka consumer group id: default_group
2025-02-03 22:57:19.542 | INFO     | __main__:main:83 - Consumer: Topic 'buzzline' and group 'default_group'...
2025-02-03 22:57:19.542 | INFO     | utils.utils_producer:get_kafka_broker_address:50 - Kafka broker address: localhost:9092
2025-02-03 22:57:19.542 | INFO     | utils.utils_consumer:create_kafka_consumer:44 - Creating Kafka consumer. Topic='buzzline' and group ID='default_group'.
2025-02-03 22:57:19.672 | INFO     | utils.utils_consumer:create_kafka_consumer:57 - Kafka consumer created successfully.
2025-02-03 22:57:19.672 | INFO     | __main__:main:89 - Polling messages from topic 'buzzline'...
2025-02-03 22:58:35.204 | INFO     | utils.utils_logger:<module>:38 - Logging to file: logs\project_log.log
2025-02-03 22:58:35.210 | INFO     | __main__:main:103 - START producer.
2025-02-03 22:58:35.210 | INFO     | utils.utils_producer:get_zookeeper_address:57 - Zookeeper address: localhost:2181
2025-02-03 22:58:35.235 | INFO     | utils.utils_producer:check_zookeeper_service_is_ready:79 - Zookeeper is ready at localhost:2181.
2025-02-03 22:58:35.235 | INFO     | utils.utils_producer:get_kafka_broker_address:50 - Kafka broker address: localhost:9092
2025-02-03 22:58:35.589 | INFO     | utils.utils_producer:check_kafka_service_is_ready:98 - Kafka is ready. Brokers: {'throttle_time_ms': 0, 'brokers': [{'node_id': 1001, 'host': 'localhost', 'port': 9092, 'rack': None}], 'cluster_id': 'Ign8MvRMS9aICLVPUpWn4w', 'controller_id': 1001}
2025-02-03 22:58:35.592 | INFO     | __main__:get_kafka_topic:41 - Kafka topic: buzzline
2025-02-03 22:58:35.595 | INFO     | __main__:get_message_interval:48 - Message interval: 1 seconds
2025-02-03 22:58:35.595 | INFO     | utils.utils_producer:get_kafka_broker_address:50 - Kafka broker address: localhost:9092
2025-02-03 22:58:35.597 | INFO     | utils.utils_producer:create_kafka_producer:146 - Connecting to Kafka broker at localhost:9092...
2025-02-03 22:58:35.733 | INFO     | utils.utils_producer:create_kafka_producer:151 - Kafka producer successfully created.
2025-02-03 22:58:35.735 | INFO     | utils.utils_producer:get_kafka_broker_address:50 - Kafka broker address: localhost:9092
2025-02-03 22:58:36.115 | INFO     | utils.utils_producer:create_kafka_topic:172 - Topic 'buzzline' already exists. Clearing it out...
2025-02-03 22:58:36.115 | INFO     | utils.utils_producer:get_kafka_broker_address:50 - Kafka broker address: localhost:9092
2025-02-03 22:58:36.494 | ERROR    | utils.utils_producer:clear_kafka_topic:235 - Error managing retention for topic 'buzzline': list indices must be integers or slices, not ConfigResource
2025-02-03 22:58:36.498 | INFO     | __main__:main:119 - Kafka topic 'buzzline' is ready.
2025-02-03 22:58:36.500 | INFO     | __main__:main:125 - Starting message production to topic 'buzzline'...
2025-02-03 22:58:36.501 | INFO     | __main__:generate_messages:77 - Generated buzz: I love Python!
2025-02-03 22:58:36.501 | INFO     | __main__:generate_messages:79 - Sent message to topic 'buzzline': I love Python!
2025-02-03 22:58:37.505 | INFO     | __main__:generate_messages:77 - Generated buzz: Kafka is awesome.
2025-02-03 22:58:37.505 | INFO     | __main__:generate_messages:79 - Sent message to topic 'buzzline': Kafka is awesome.
2025-02-03 22:58:38.509 | INFO     | __main__:generate_messages:77 - Generated buzz: Streaming data is fun.
2025-02-03 22:58:38.511 | INFO     | __main__:generate_messages:79 - Sent message to topic 'buzzline': Streaming data is fun.
2025-02-03 22:58:39.513 | INFO     | __main__:generate_messages:77 - Generated buzz: This is a buzz message.
2025-02-03 22:58:39.513 | INFO     | __main__:generate_messages:79 - Sent message to topic 'buzzline': This is a buzz message.
2025-02-03 22:58:40.517 | INFO     | __main__:generate_messages:77 - Generated buzz: Have a great day!
2025-02-03 22:58:40.517 | INFO     | __main__:generate_messages:79 - Sent message to topic 'buzzline': Have a great day!
2025-02-03 22:58:41.520 | INFO     | __main__:generate_messages:77 - Generated buzz: I love Python!
2025-02-03 22:58:41.520 | INFO     | __main__:generate_messages:79 - Sent message to topic 'buzzline': I love Python!
2025-02-03 22:58:42.525 | INFO     | __main__:generate_messages:77 - Generated buzz: Kafka is awesome.
2025-02-03 22:58:42.525 | INFO     | __main__:generate_messages:79 - Sent message to topic 'buzzline': Kafka is awesome.
2025-02-03 22:58:43.531 | INFO     | __main__:generate_messages:77 - Generated buzz: Streaming data is fun.
2025-02-03 22:58:43.535 | INFO     | __main__:generate_messages:79 - Sent message to topic 'buzzline': Streaming data is fun.
2025-02-03 22:58:44.539 | INFO     | __main__:generate_messages:77 - Generated buzz: This is a buzz message.
2025-02-03 22:58:44.542 | INFO     | __main__:generate_messages:79 - Sent message to topic 'buzzline': This is a buzz message.
2025-02-03 22:58:45.545 | INFO     | __main__:generate_messages:77 - Generated buzz: Have a great day!
2025-02-03 22:58:45.547 | INFO     | __main__:generate_messages:79 - Sent message to topic 'buzzline': Have a great day!
2025-02-03 22:58:46.551 | INFO     | __main__:generate_messages:77 - Generated buzz: I love Python!
2025-02-03 22:58:46.553 | INFO     | __main__:generate_messages:79 - Sent message to topic 'buzzline': I love Python!
2025-02-03 22:58:47.556 | INFO     | __main__:generate_messages:77 - Generated buzz: Kafka is awesome.
2025-02-03 22:58:47.559 | INFO     | __main__:generate_messages:79 - Sent message to topic 'buzzline': Kafka is awesome.
2025-02-03 22:58:48.564 | INFO     | __main__:generate_messages:77 - Generated buzz: Streaming data is fun.
2025-02-03 22:58:48.564 | INFO     | __main__:generate_messages:79 - Sent message to topic 'buzzline': Streaming data is fun.
2025-02-03 22:58:49.570 | INFO     | __main__:generate_messages:77 - Generated buzz: This is a buzz message.
2025-02-03 22:58:49.570 | INFO     | __main__:generate_messages:79 - Sent message to topic 'buzzline': This is a buzz message.
2025-02-03 22:58:50.576 | INFO     | __main__:generate_messages:77 - Generated buzz: Have a great day!
2025-02-03 22:58:50.580 | INFO     | __main__:generate_messages:79 - Sent message to topic 'buzzline': Have a great day!
2025-02-03 22:58:51.584 | INFO     | __main__:generate_messages:77 - Generated buzz: I love Python!
2025-02-03 22:58:51.587 | INFO     | __main__:generate_messages:79 - Sent message to topic 'buzzline': I love Python!
2025-02-03 22:58:57.731 | INFO     | utils.utils_logger:<module>:38 - Logging to file: logs\project_log.log
2025-02-03 22:58:57.731 | INFO     | __main__:main:104 - START producer.
2025-02-03 22:58:57.744 | INFO     | utils.utils_producer:get_zookeeper_address:57 - Zookeeper address: localhost:2181
2025-02-03 22:58:57.778 | INFO     | utils.utils_producer:check_zookeeper_service_is_ready:79 - Zookeeper is ready at localhost:2181.
2025-02-03 22:58:57.778 | INFO     | utils.utils_producer:get_kafka_broker_address:50 - Kafka broker address: localhost:9092
2025-02-03 22:58:58.138 | INFO     | utils.utils_producer:check_kafka_service_is_ready:98 - Kafka is ready. Brokers: {'throttle_time_ms': 0, 'brokers': [{'node_id': 1001, 'host': 'localhost', 'port': 9092, 'rack': None}], 'cluster_id': 'Ign8MvRMS9aICLVPUpWn4w', 'controller_id': 1001}
2025-02-03 22:58:58.138 | INFO     | __main__:get_kafka_topic:41 - Kafka topic: buzzline
2025-02-03 22:58:58.146 | INFO     | __main__:get_message_interval:48 - Message interval: 1 seconds
2025-02-03 22:58:58.147 | INFO     | utils.utils_producer:get_kafka_broker_address:50 - Kafka broker address: localhost:9092
2025-02-03 22:58:58.148 | INFO     | utils.utils_producer:create_kafka_producer:146 - Connecting to Kafka broker at localhost:9092...
2025-02-03 22:58:58.273 | INFO     | utils.utils_producer:create_kafka_producer:151 - Kafka producer successfully created.
2025-02-03 22:58:58.280 | INFO     | utils.utils_producer:get_kafka_broker_address:50 - Kafka broker address: localhost:9092
2025-02-03 22:58:58.665 | INFO     | utils.utils_producer:create_kafka_topic:172 - Topic 'buzzline' already exists. Clearing it out...
2025-02-03 22:58:58.665 | INFO     | utils.utils_producer:get_kafka_broker_address:50 - Kafka broker address: localhost:9092
2025-02-03 22:58:59.053 | ERROR    | utils.utils_producer:clear_kafka_topic:235 - Error managing retention for topic 'buzzline': list indices must be integers or slices, not ConfigResource
2025-02-03 22:58:59.056 | INFO     | __main__:main:120 - Kafka topic 'buzzline' is ready.
2025-02-03 22:58:59.059 | INFO     | __main__:main:126 - Starting message production to topic 'buzzline'...
2025-02-03 22:58:59.059 | INFO     | __main__:generate_messages:78 - Generated buzz: The cloud makes everything possible
2025-02-03 22:58:59.066 | INFO     | __main__:generate_messages:80 - Sent message to topic 'buzzline': The cloud makes everything possible
2025-02-03 22:59:00.069 | INFO     | __main__:generate_messages:78 - Generated buzz: Big data drives modern applications
2025-02-03 22:59:00.073 | INFO     | __main__:generate_messages:80 - Sent message to topic 'buzzline': Big data drives modern applications
2025-02-03 22:59:01.076 | INFO     | __main__:generate_messages:78 - Generated buzz: Kafka helps with real-time analytics
2025-02-03 22:59:01.078 | INFO     | __main__:generate_messages:80 - Sent message to topic 'buzzline': Kafka helps with real-time analytics
2025-02-03 22:59:02.083 | INFO     | __main__:generate_messages:78 - Generated buzz: Data pipelines simplify workflows
2025-02-03 22:59:02.086 | INFO     | __main__:generate_messages:80 - Sent message to topic 'buzzline': Data pipelines simplify workflows
2025-02-03 22:59:03.090 | INFO     | __main__:generate_messages:78 - Generated buzz: The future of data is streaming
2025-02-03 22:59:03.094 | INFO     | __main__:generate_messages:80 - Sent message to topic 'buzzline': The future of data is streaming
2025-02-03 22:59:04.097 | INFO     | __main__:generate_messages:78 - Generated buzz: The cloud makes everything possible
2025-02-03 22:59:04.097 | INFO     | __main__:generate_messages:80 - Sent message to topic 'buzzline': The cloud makes everything possible
2025-02-03 22:59:05.103 | INFO     | __main__:generate_messages:78 - Generated buzz: Big data drives modern applications
2025-02-03 22:59:05.103 | INFO     | __main__:generate_messages:80 - Sent message to topic 'buzzline': Big data drives modern applications
2025-02-03 22:59:06.108 | INFO     | __main__:generate_messages:78 - Generated buzz: Kafka helps with real-time analytics
2025-02-03 22:59:06.110 | INFO     | __main__:generate_messages:80 - Sent message to topic 'buzzline': Kafka helps with real-time analytics
2025-02-03 22:59:07.114 | INFO     | __main__:generate_messages:78 - Generated buzz: Data pipelines simplify workflows
2025-02-03 22:59:07.114 | INFO     | __main__:generate_messages:80 - Sent message to topic 'buzzline': Data pipelines simplify workflows
2025-02-03 22:59:08.120 | INFO     | __main__:generate_messages:78 - Generated buzz: The future of data is streaming
2025-02-03 22:59:08.120 | INFO     | __main__:generate_messages:80 - Sent message to topic 'buzzline': The future of data is streaming
2025-02-03 22:59:09.126 | INFO     | __main__:generate_messages:78 - Generated buzz: The cloud makes everything possible
2025-02-03 22:59:09.126 | INFO     | __main__:generate_messages:80 - Sent message to topic 'buzzline': The cloud makes everything possible
2025-02-03 22:59:10.131 | INFO     | __main__:generate_messages:78 - Generated buzz: Big data drives modern applications
2025-02-03 22:59:10.131 | INFO     | __main__:generate_messages:80 - Sent message to topic 'buzzline': Big data drives modern applications
2025-02-03 22:59:11.136 | INFO     | __main__:generate_messages:78 - Generated buzz: Kafka helps with real-time analytics
2025-02-03 22:59:11.136 | INFO     | __main__:generate_messages:80 - Sent message to topic 'buzzline': Kafka helps with real-time analytics
2025-02-03 22:59:12.142 | INFO     | __main__:generate_messages:78 - Generated buzz: Data pipelines simplify workflows
2025-02-03 22:59:12.142 | INFO     | __main__:generate_messages:80 - Sent message to topic 'buzzline': Data pipelines simplify workflows
2025-02-03 22:59:13.148 | INFO     | __main__:generate_messages:78 - Generated buzz: The future of data is streaming
2025-02-03 22:59:13.148 | INFO     | __main__:generate_messages:80 - Sent message to topic 'buzzline': The future of data is streaming
2025-02-03 22:59:14.153 | INFO     | __main__:generate_messages:78 - Generated buzz: The cloud makes everything possible
2025-02-03 22:59:14.155 | INFO     | __main__:generate_messages:80 - Sent message to topic 'buzzline': The cloud makes everything possible
2025-02-03 22:59:15.159 | INFO     | __main__:generate_messages:78 - Generated buzz: Big data drives modern applications
2025-02-03 22:59:15.159 | INFO     | __main__:generate_messages:80 - Sent message to topic 'buzzline': Big data drives modern applications
2025-02-03 22:59:16.165 | INFO     | __main__:generate_messages:78 - Generated buzz: Kafka helps with real-time analytics
2025-02-03 22:59:16.167 | INFO     | __main__:generate_messages:80 - Sent message to topic 'buzzline': Kafka helps with real-time analytics
2025-02-03 22:59:17.171 | INFO     | __main__:generate_messages:78 - Generated buzz: Data pipelines simplify workflows
2025-02-03 22:59:17.171 | INFO     | __main__:generate_messages:80 - Sent message to topic 'buzzline': Data pipelines simplify workflows
2025-02-03 22:59:18.177 | INFO     | __main__:generate_messages:78 - Generated buzz: The future of data is streaming
2025-02-03 22:59:18.179 | INFO     | __main__:generate_messages:80 - Sent message to topic 'buzzline': The future of data is streaming
2025-02-03 22:59:19.182 | INFO     | __main__:generate_messages:78 - Generated buzz: The cloud makes everything possible
2025-02-03 22:59:19.182 | INFO     | __main__:generate_messages:80 - Sent message to topic 'buzzline': The cloud makes everything possible
2025-02-03 22:59:20.188 | INFO     | __main__:generate_messages:78 - Generated buzz: Big data drives modern applications
2025-02-03 22:59:20.188 | INFO     | __main__:generate_messages:80 - Sent message to topic 'buzzline': Big data drives modern applications
2025-02-03 22:59:21.197 | INFO     | __main__:generate_messages:78 - Generated buzz: Kafka helps with real-time analytics
2025-02-03 22:59:21.202 | INFO     | __main__:generate_messages:80 - Sent message to topic 'buzzline': Kafka helps with real-time analytics
2025-02-03 22:59:22.206 | INFO     | __main__:generate_messages:78 - Generated buzz: Data pipelines simplify workflows
2025-02-03 22:59:22.208 | INFO     | __main__:generate_messages:80 - Sent message to topic 'buzzline': Data pipelines simplify workflows
2025-02-03 22:59:23.212 | INFO     | __main__:generate_messages:78 - Generated buzz: The future of data is streaming
2025-02-03 22:59:23.212 | INFO     | __main__:generate_messages:80 - Sent message to topic 'buzzline': The future of data is streaming
2025-02-03 22:59:24.214 | INFO     | __main__:generate_messages:78 - Generated buzz: The cloud makes everything possible
2025-02-03 22:59:24.216 | INFO     | __main__:generate_messages:80 - Sent message to topic 'buzzline': The cloud makes everything possible
2025-02-03 22:59:25.219 | INFO     | __main__:generate_messages:78 - Generated buzz: Big data drives modern applications
2025-02-03 22:59:25.219 | INFO     | __main__:generate_messages:80 - Sent message to topic 'buzzline': Big data drives modern applications
2025-02-03 22:59:26.224 | INFO     | __main__:generate_messages:78 - Generated buzz: Kafka helps with real-time analytics
2025-02-03 22:59:26.224 | INFO     | __main__:generate_messages:80 - Sent message to topic 'buzzline': Kafka helps with real-time analytics
2025-02-03 22:59:27.229 | INFO     | __main__:generate_messages:78 - Generated buzz: Data pipelines simplify workflows
2025-02-03 22:59:27.229 | INFO     | __main__:generate_messages:80 - Sent message to topic 'buzzline': Data pipelines simplify workflows
2025-02-03 22:59:28.234 | INFO     | __main__:generate_messages:78 - Generated buzz: The future of data is streaming
2025-02-03 22:59:28.234 | INFO     | __main__:generate_messages:80 - Sent message to topic 'buzzline': The future of data is streaming
2025-02-03 22:59:29.239 | INFO     | __main__:generate_messages:78 - Generated buzz: The cloud makes everything possible
2025-02-03 22:59:29.241 | INFO     | __main__:generate_messages:80 - Sent message to topic 'buzzline': The cloud makes everything possible
2025-02-03 22:59:30.244 | INFO     | __main__:generate_messages:78 - Generated buzz: Big data drives modern applications
2025-02-03 22:59:30.246 | INFO     | __main__:generate_messages:80 - Sent message to topic 'buzzline': Big data drives modern applications
2025-02-03 22:59:31.252 | INFO     | __main__:generate_messages:78 - Generated buzz: Kafka helps with real-time analytics
2025-02-03 22:59:31.252 | INFO     | __main__:generate_messages:80 - Sent message to topic 'buzzline': Kafka helps with real-time analytics
2025-02-03 22:59:32.258 | INFO     | __main__:generate_messages:78 - Generated buzz: Data pipelines simplify workflows
2025-02-03 22:59:32.258 | INFO     | __main__:generate_messages:80 - Sent message to topic 'buzzline': Data pipelines simplify workflows
2025-02-03 22:59:33.264 | INFO     | __main__:generate_messages:78 - Generated buzz: The future of data is streaming
2025-02-03 22:59:33.264 | INFO     | __main__:generate_messages:80 - Sent message to topic 'buzzline': The future of data is streaming
2025-02-03 22:59:34.269 | INFO     | __main__:generate_messages:78 - Generated buzz: The cloud makes everything possible
2025-02-03 22:59:34.269 | INFO     | __main__:generate_messages:80 - Sent message to topic 'buzzline': The cloud makes everything possible
2025-02-03 22:59:35.275 | INFO     | __main__:generate_messages:78 - Generated buzz: Big data drives modern applications
2025-02-03 22:59:35.275 | INFO     | __main__:generate_messages:80 - Sent message to topic 'buzzline': Big data drives modern applications
2025-02-03 22:59:36.280 | INFO     | __main__:generate_messages:78 - Generated buzz: Kafka helps with real-time analytics
2025-02-03 22:59:36.281 | INFO     | __main__:generate_messages:80 - Sent message to topic 'buzzline': Kafka helps with real-time analytics
2025-02-03 22:59:37.285 | INFO     | __main__:generate_messages:78 - Generated buzz: Data pipelines simplify workflows
2025-02-03 22:59:37.285 | INFO     | __main__:generate_messages:80 - Sent message to topic 'buzzline': Data pipelines simplify workflows
2025-02-03 22:59:38.291 | INFO     | __main__:generate_messages:78 - Generated buzz: The future of data is streaming
2025-02-03 22:59:38.293 | INFO     | __main__:generate_messages:80 - Sent message to topic 'buzzline': The future of data is streaming
2025-02-03 22:59:39.297 | INFO     | __main__:generate_messages:78 - Generated buzz: The cloud makes everything possible
2025-02-03 22:59:39.297 | INFO     | __main__:generate_messages:80 - Sent message to topic 'buzzline': The cloud makes everything possible
2025-02-03 22:59:40.303 | INFO     | __main__:generate_messages:78 - Generated buzz: Big data drives modern applications
2025-02-03 22:59:40.305 | INFO     | __main__:generate_messages:80 - Sent message to topic 'buzzline': Big data drives modern applications
2025-02-03 22:59:41.309 | INFO     | __main__:generate_messages:78 - Generated buzz: Kafka helps with real-time analytics
2025-02-03 22:59:41.309 | INFO     | __main__:generate_messages:80 - Sent message to topic 'buzzline': Kafka helps with real-time analytics
2025-02-03 22:59:42.314 | INFO     | __main__:generate_messages:78 - Generated buzz: Data pipelines simplify workflows
2025-02-03 22:59:42.314 | INFO     | __main__:generate_messages:80 - Sent message to topic 'buzzline': Data pipelines simplify workflows
2025-02-03 22:59:43.320 | INFO     | __main__:generate_messages:78 - Generated buzz: The future of data is streaming
2025-02-03 22:59:43.320 | INFO     | __main__:generate_messages:80 - Sent message to topic 'buzzline': The future of data is streaming
2025-02-03 22:59:44.325 | INFO     | __main__:generate_messages:78 - Generated buzz: The cloud makes everything possible
2025-02-03 22:59:44.327 | INFO     | __main__:generate_messages:80 - Sent message to topic 'buzzline': The cloud makes everything possible
2025-02-03 22:59:45.330 | INFO     | __main__:generate_messages:78 - Generated buzz: Big data drives modern applications
2025-02-03 22:59:45.330 | INFO     | __main__:generate_messages:80 - Sent message to topic 'buzzline': Big data drives modern applications
2025-02-03 22:59:46.336 | INFO     | __main__:generate_messages:78 - Generated buzz: Kafka helps with real-time analytics
2025-02-03 22:59:46.336 | INFO     | __main__:generate_messages:80 - Sent message to topic 'buzzline': Kafka helps with real-time analytics
2025-02-03 22:59:47.341 | INFO     | __main__:generate_messages:78 - Generated buzz: Data pipelines simplify workflows
2025-02-03 22:59:47.341 | INFO     | __main__:generate_messages:80 - Sent message to topic 'buzzline': Data pipelines simplify workflows
2025-02-03 22:59:48.345 | INFO     | __main__:generate_messages:78 - Generated buzz: The future of data is streaming
2025-02-03 22:59:48.348 | INFO     | __main__:generate_messages:80 - Sent message to topic 'buzzline': The future of data is streaming
2025-02-03 22:59:49.351 | INFO     | __main__:generate_messages:78 - Generated buzz: The cloud makes everything possible
2025-02-03 22:59:49.355 | INFO     | __main__:generate_messages:80 - Sent message to topic 'buzzline': The cloud makes everything possible
2025-02-03 22:59:50.357 | INFO     | __main__:generate_messages:78 - Generated buzz: Big data drives modern applications
2025-02-03 22:59:50.358 | INFO     | __main__:generate_messages:80 - Sent message to topic 'buzzline': Big data drives modern applications
2025-02-03 22:59:51.362 | INFO     | __main__:generate_messages:78 - Generated buzz: Kafka helps with real-time analytics
2025-02-03 22:59:51.366 | INFO     | __main__:generate_messages:80 - Sent message to topic 'buzzline': Kafka helps with real-time analytics
2025-02-03 22:59:52.369 | INFO     | __main__:generate_messages:78 - Generated buzz: Data pipelines simplify workflows
2025-02-03 22:59:52.369 | INFO     | __main__:generate_messages:80 - Sent message to topic 'buzzline': Data pipelines simplify workflows
2025-02-03 22:59:53.375 | INFO     | __main__:generate_messages:78 - Generated buzz: The future of data is streaming
2025-02-03 22:59:53.375 | INFO     | __main__:generate_messages:80 - Sent message to topic 'buzzline': The future of data is streaming
2025-02-03 22:59:54.380 | INFO     | __main__:generate_messages:78 - Generated buzz: The cloud makes everything possible
2025-02-03 22:59:54.382 | INFO     | __main__:generate_messages:80 - Sent message to topic 'buzzline': The cloud makes everything possible
2025-02-03 22:59:55.386 | INFO     | __main__:generate_messages:78 - Generated buzz: Big data drives modern applications
2025-02-03 22:59:55.386 | INFO     | __main__:generate_messages:80 - Sent message to topic 'buzzline': Big data drives modern applications
2025-02-03 22:59:56.392 | INFO     | __main__:generate_messages:78 - Generated buzz: Kafka helps with real-time analytics
2025-02-03 22:59:56.392 | INFO     | __main__:generate_messages:80 - Sent message to topic 'buzzline': Kafka helps with real-time analytics
2025-02-03 22:59:57.397 | INFO     | __main__:generate_messages:78 - Generated buzz: Data pipelines simplify workflows
2025-02-03 22:59:57.397 | INFO     | __main__:generate_messages:80 - Sent message to topic 'buzzline': Data pipelines simplify workflows
2025-02-03 22:59:58.402 | INFO     | __main__:generate_messages:78 - Generated buzz: The future of data is streaming
2025-02-03 22:59:58.405 | INFO     | __main__:generate_messages:80 - Sent message to topic 'buzzline': The future of data is streaming
2025-02-03 22:59:59.408 | INFO     | __main__:generate_messages:78 - Generated buzz: The cloud makes everything possible
2025-02-03 22:59:59.408 | INFO     | __main__:generate_messages:80 - Sent message to topic 'buzzline': The cloud makes everything possible
2025-02-03 23:00:00.412 | INFO     | __main__:generate_messages:78 - Generated buzz: Big data drives modern applications
2025-02-03 23:00:00.413 | INFO     | __main__:generate_messages:80 - Sent message to topic 'buzzline': Big data drives modern applications
2025-02-03 23:00:01.417 | INFO     | __main__:generate_messages:78 - Generated buzz: Kafka helps with real-time analytics
2025-02-03 23:00:01.417 | INFO     | __main__:generate_messages:80 - Sent message to topic 'buzzline': Kafka helps with real-time analytics
2025-02-03 23:00:02.421 | INFO     | __main__:generate_messages:78 - Generated buzz: Data pipelines simplify workflows
2025-02-03 23:00:02.421 | INFO     | __main__:generate_messages:80 - Sent message to topic 'buzzline': Data pipelines simplify workflows
2025-02-03 23:00:03.427 | INFO     | __main__:generate_messages:78 - Generated buzz: The future of data is streaming
2025-02-03 23:00:03.427 | INFO     | __main__:generate_messages:80 - Sent message to topic 'buzzline': The future of data is streaming
2025-02-03 23:00:04.430 | INFO     | __main__:generate_messages:78 - Generated buzz: The cloud makes everything possible
2025-02-03 23:00:04.434 | INFO     | __main__:generate_messages:80 - Sent message to topic 'buzzline': The cloud makes everything possible
2025-02-03 23:00:05.436 | INFO     | __main__:generate_messages:78 - Generated buzz: Big data drives modern applications
2025-02-03 23:00:05.436 | INFO     | __main__:generate_messages:80 - Sent message to topic 'buzzline': Big data drives modern applications
2025-02-03 23:00:06.441 | INFO     | __main__:generate_messages:78 - Generated buzz: Kafka helps with real-time analytics
2025-02-03 23:00:06.443 | INFO     | __main__:generate_messages:80 - Sent message to topic 'buzzline': Kafka helps with real-time analytics
2025-02-03 23:00:07.446 | INFO     | __main__:generate_messages:78 - Generated buzz: Data pipelines simplify workflows
2025-02-03 23:00:07.446 | INFO     | __main__:generate_messages:80 - Sent message to topic 'buzzline': Data pipelines simplify workflows
2025-02-03 23:00:08.448 | INFO     | __main__:generate_messages:78 - Generated buzz: The future of data is streaming
2025-02-03 23:00:08.450 | INFO     | __main__:generate_messages:80 - Sent message to topic 'buzzline': The future of data is streaming
2025-02-03 23:00:09.454 | INFO     | __main__:generate_messages:78 - Generated buzz: The cloud makes everything possible
2025-02-03 23:00:09.454 | INFO     | __main__:generate_messages:80 - Sent message to topic 'buzzline': The cloud makes everything possible
2025-02-03 23:00:10.459 | INFO     | __main__:generate_messages:78 - Generated buzz: Big data drives modern applications
2025-02-03 23:00:10.463 | INFO     | __main__:generate_messages:80 - Sent message to topic 'buzzline': Big data drives modern applications
2025-02-03 23:00:11.465 | INFO     | __main__:generate_messages:78 - Generated buzz: Kafka helps with real-time analytics
2025-02-03 23:00:11.465 | INFO     | __main__:generate_messages:80 - Sent message to topic 'buzzline': Kafka helps with real-time analytics
2025-02-03 23:00:12.471 | INFO     | __main__:generate_messages:78 - Generated buzz: Data pipelines simplify workflows
2025-02-03 23:00:12.474 | INFO     | __main__:generate_messages:80 - Sent message to topic 'buzzline': Data pipelines simplify workflows
2025-02-03 23:00:13.477 | INFO     | __main__:generate_messages:78 - Generated buzz: The future of data is streaming
2025-02-03 23:00:13.479 | INFO     | __main__:generate_messages:80 - Sent message to topic 'buzzline': The future of data is streaming
2025-02-03 23:00:14.483 | INFO     | __main__:generate_messages:78 - Generated buzz: The cloud makes everything possible
2025-02-03 23:00:14.485 | INFO     | __main__:generate_messages:80 - Sent message to topic 'buzzline': The cloud makes everything possible
2025-02-03 23:00:15.488 | INFO     | __main__:generate_messages:78 - Generated buzz: Big data drives modern applications
2025-02-03 23:00:15.490 | INFO     | __main__:generate_messages:80 - Sent message to topic 'buzzline': Big data drives modern applications
2025-02-03 23:00:16.492 | INFO     | __main__:generate_messages:78 - Generated buzz: Kafka helps with real-time analytics
2025-02-03 23:00:16.494 | INFO     | __main__:generate_messages:80 - Sent message to topic 'buzzline': Kafka helps with real-time analytics
2025-02-03 23:00:17.496 | INFO     | __main__:generate_messages:78 - Generated buzz: Data pipelines simplify workflows
2025-02-03 23:00:17.497 | INFO     | __main__:generate_messages:80 - Sent message to topic 'buzzline': Data pipelines simplify workflows
